Determining if the pthread_create exist failed with the following output:
Change Dir: /home/isl-server/ashish/libraries/orb_slam2/ORB_SLAM2-master/Examples/ROS/ORB_SLAM2/build/CMakeFiles/CMakeTmp

Run Build Command:/usr/bin/make "cmTryCompileExec1646994237/fast"
/usr/bin/make -f CMakeFiles/cmTryCompileExec1646994237.dir/build.make CMakeFiles/cmTryCompileExec1646994237.dir/build
make[1]: Entering directory `/home/isl-server/ashish/libraries/orb_slam2/ORB_SLAM2-master/Examples/ROS/ORB_SLAM2/build/CMakeFiles/CMakeTmp'
/usr/bin/cmake -E cmake_progress_report /home/isl-server/ashish/libraries/orb_slam2/ORB_SLAM2-master/Examples/ROS/ORB_SLAM2/build/CMakeFiles/CMakeTmp/CMakeFiles 1
Building C object CMakeFiles/cmTryCompileExec1646994237.dir/CheckSymbolExists.c.o
/usr/bin/cc    -o CMakeFiles/cmTryCompileExec1646994237.dir/CheckSymbolExists.c.o   -c /home/isl-server/ashish/libraries/orb_slam2/ORB_SLAM2-master/Examples/ROS/ORB_SLAM2/build/CMakeFiles/CMakeTmp/CheckSymbolExists.c
Linking C executable cmTryCompileExec1646994237
/usr/bin/cmake -E cmake_link_script CMakeFiles/cmTryCompileExec1646994237.dir/link.txt --verbose=1
/usr/bin/cc       CMakeFiles/cmTryCompileExec1646994237.dir/CheckSymbolExists.c.o  -o cmTryCompileExec1646994237 -rdynamic 
CMakeFiles/cmTryCompileExec1646994237.dir/CheckSymbolExists.c.o: In function `main':
CheckSymbolExists.c:(.text+0x16): undefined reference to `pthread_create'
collect2: error: ld returned 1 exit status
make[1]: *** [cmTryCompileExec1646994237] Error 1
make[1]: Leaving directory `/home/isl-server/ashish/libraries/orb_slam2/ORB_SLAM2-master/Examples/ROS/ORB_SLAM2/build/CMakeFiles/CMakeTmp'
make: *** [cmTryCompileExec1646994237/fast] Error 2

File /home/isl-server/ashish/libraries/orb_slam2/ORB_SLAM2-master/Examples/ROS/ORB_SLAM2/build/CMakeFiles/CMakeTmp/CheckSymbolExists.c:
/* */
#include <pthread.h>

int main(int argc, char** argv)
{
  (void)argv;
#ifndef pthread_create
  return ((int*)(&pthread_create))[argc];
#else
  (void)argc;
  return 0;
#endif
}

Determining if the function pthread_create exists in the pthreads failed with the following output:
Change Dir: /home/isl-server/ashish/libraries/orb_slam2/ORB_SLAM2-master/Examples/ROS/ORB_SLAM2/build/CMakeFiles/CMakeTmp

Run Build Command:/usr/bin/make "cmTryCompileExec766008065/fast"
/usr/bin/make -f CMakeFiles/cmTryCompileExec766008065.dir/build.make CMakeFiles/cmTryCompileExec766008065.dir/build
make[1]: Entering directory `/home/isl-server/ashish/libraries/orb_slam2/ORB_SLAM2-master/Examples/ROS/ORB_SLAM2/build/CMakeFiles/CMakeTmp'
/usr/bin/cmake -E cmake_progress_report /home/isl-server/ashish/libraries/orb_slam2/ORB_SLAM2-master/Examples/ROS/ORB_SLAM2/build/CMakeFiles/CMakeTmp/CMakeFiles 1
Building C object CMakeFiles/cmTryCompileExec766008065.dir/CheckFunctionExists.c.o
/usr/bin/cc   -DCHECK_FUNCTION_EXISTS=pthread_create   -o CMakeFiles/cmTryCompileExec766008065.dir/CheckFunctionExists.c.o   -c /usr/share/cmake-2.8/Modules/CheckFunctionExists.c
Linking C executable cmTryCompileExec766008065
/usr/bin/cmake -E cmake_link_script CMakeFiles/cmTryCompileExec766008065.dir/link.txt --verbose=1
/usr/bin/cc   -DCHECK_FUNCTION_EXISTS=pthread_create    CMakeFiles/cmTryCompileExec766008065.dir/CheckFunctionExists.c.o  -o cmTryCompileExec766008065 -rdynamic -lpthreads 
/usr/bin/ld: cannot find -lpthreads
collect2: error: ld returned 1 exit status
make[1]: Leaving directory `/home/isl-server/ashish/libraries/orb_slam2/ORB_SLAM2-master/Examples/ROS/ORB_SLAM2/build/CMakeFiles/CMakeTmp'
make[1]: *** [cmTryCompileExec766008065] Error 1
make: *** [cmTryCompileExec766008065/fast] Error 2


